<?xml version="1.0" encoding="utf-8"?><testsuites><testsuite name="pytest" errors="0" failures="0" skipped="0" tests="8" time="0.110" timestamp="2025-01-20T14:03:09.862995+05:30" hostname="root374"><testcase classname="test_app" name="test_get_tasks" time="0.003" /><testcase classname="test_app" name="test_add_task" time="0.001" /><testcase classname="test_app" name="test_add_task_invalid" time="0.001" /><testcase classname="test_app" name="test_update_task" time="0.001" /><testcase classname="test_app" name="test_update_task_not_found" time="0.001" /><testcase classname="test_app" name="test_mark_task_done" time="0.001" /><testcase classname="test_app" name="test_delete_task" time="0.002" /><testcase classname="test_app" name="test_delete_task_not_found" time="0.001" /></testsuite></testsuites>